{"time":"2025-02-13T23:05:00.7540763+04:00","level":"DEBUG","msg":"Start initing","Operation":"Main:main"}
{"time":"2025-02-13T23:05:00.7572577+04:00","level":"INFO","msg":"Connecting to database","Operation":"Main:main"}
{"time":"2025-02-13T23:05:01.1340871+04:00","level":"INFO","msg":"Bot started!!!","Operation":"server:ListAndServe"}
{"time":"2025-02-13T23:07:00.3906938+04:00","level":"DEBUG","msg":"Start initing","Operation":"Main:main"}
{"time":"2025-02-13T23:07:00.3932868+04:00","level":"INFO","msg":"Connecting to database","Operation":"Main:main"}
{"time":"2025-02-13T23:07:00.7195053+04:00","level":"INFO","msg":"Bot started!!!","Operation":"server:ListAndServe"}
{"time":"2025-02-13T23:07:11.3261846+04:00","level":"INFO","msg":"User Send YO!","ChatId":7381188337,"User tag":"softach1"}
{"time":"2025-02-13T23:08:47.2137645+04:00","level":"DEBUG","msg":"Start initing","Operation":"Main:main"}
{"time":"2025-02-13T23:08:47.21928+04:00","level":"DEBUG","msg":"Connecting to database","Operation":"Main:main"}
{"time":"2025-02-13T23:08:47.5857786+04:00","level":"INFO","msg":"Bot started!!!","Operation":"server:ListAndServe"}
{"time":"2025-02-13T23:11:29.6799657+04:00","level":"DEBUG","msg":"Start initing","Operation":"Main:main"}
{"time":"2025-02-13T23:11:29.6826219+04:00","level":"DEBUG","msg":"Connecting to database","Operation":"Main:main"}
{"time":"2025-02-13T23:11:30.1439825+04:00","level":"INFO","msg":"Bot started!!!","Operation":"server:ListAndServe"}
{"time":"2025-02-13T23:15:11.7335024+04:00","level":"INFO","msg":"User Send YO!","ChatId":1101126233,"User tag":"Lingy952"}
{"time":"2025-02-13T23:17:48.0235009+04:00","level":"DEBUG","msg":"Start initing","Operation":"Main:main"}
{"time":"2025-02-13T23:17:48.0271708+04:00","level":"DEBUG","msg":"Connecting to database","Operation":"Main:main"}
{"time":"2025-02-13T23:17:48.3256199+04:00","level":"INFO","msg":"Bot started!!!","Operation":"server:ListAndServe"}
{"time":"2025-02-13T23:28:10.87319+04:00","level":"DEBUG","msg":"Start initing","Operation":"Main:main"}
{"time":"2025-02-13T23:28:10.8767098+04:00","level":"DEBUG","msg":"Connecting to database","Operation":"Main:main"}
{"time":"2025-02-13T23:28:11.214238+04:00","level":"INFO","msg":"Bot started!!!","Operation":"server:ListAndServe"}
{"time":"2025-02-13T23:30:51.9699838+04:00","level":"DEBUG","msg":"Start initing","Operation":"Main:main"}
{"time":"2025-02-13T23:30:51.973128+04:00","level":"DEBUG","msg":"Connecting to database","Operation":"Main:main"}
{"time":"2025-02-13T23:30:52.2094106+04:00","level":"INFO","msg":"Bot started!!!","Operation":"server:ListAndServe"}
{"time":"2025-02-13T23:31:22.0591638+04:00","level":"INFO","msg":"User Send YO!","ChatId":7381188337,"User tag":"softach1"}
{"time":"2025-02-13T23:39:31.2196448+04:00","level":"INFO","msg":"User Send YO!","ChatId":1067314018,"User tag":"Stas_548"}
{"time":"2025-02-13T23:41:42.778155+04:00","level":"INFO","msg":"User Send YO!","ChatId":7381188337,"User tag":"softach1"}
{"time":"2025-02-13T23:49:52.5935605+04:00","level":"DEBUG","msg":"Start initing","Operation":"Main:main"}
{"time":"2025-02-13T23:49:52.5962206+04:00","level":"DEBUG","msg":"Connecting to database","Operation":"Main:main"}
{"time":"2025-02-13T23:49:54.9310518+04:00","level":"INFO","msg":"Bot started!!!","Operation":"server:ListAndServe"}
{"time":"2025-02-14T00:01:07.8413187+04:00","level":"DEBUG","msg":"Start initing","Operation":"Main:main"}
{"time":"2025-02-14T00:01:07.8444608+04:00","level":"DEBUG","msg":"Connecting to database","Operation":"Main:main"}
{"time":"2025-02-14T00:01:08.153496+04:00","level":"INFO","msg":"Bot started!!!","Operation":"server:ListAndServe"}
{"time":"2025-02-14T00:01:29.028579+04:00","level":"ERROR","msg":"Cant del friend to user","Operation":"server:ListAndServe","ChatId":7381188337,"Error":"no rows in result set"}
{"time":"2025-02-14T00:01:30.9960198+04:00","level":"ERROR","msg":"Cant del friend to user","Operation":"server:ListAndServe","ChatId":7381188337,"Error":"no rows in result set"}
{"time":"2025-02-14T00:01:46.1676931+04:00","level":"ERROR","msg":"Cant add friend to user","Operation":"server:ListAndServe","ChatId":7381188337,"Error":"number of field descriptions must equal number of destinations, got 1 and 0"}
{"time":"2025-02-14T00:01:53.9243968+04:00","level":"ERROR","msg":"Cant add friend to user","Operation":"server:ListAndServe","ChatId":7381188337,"Error":"number of field descriptions must equal number of destinations, got 1 and 0"}
{"time":"2025-02-14T00:03:38.5971229+04:00","level":"ERROR","msg":"Cant add friend to user","Operation":"server:ListAndServe","ChatId":7381188337,"Error":"number of field descriptions must equal number of destinations, got 1 and 0"}
{"time":"2025-02-14T00:03:55.1036012+04:00","level":"ERROR","msg":"Cant add friend to user","Operation":"server:ListAndServe","ChatId":7381188337,"Error":"number of field descriptions must equal number of destinations, got 1 and 0"}
{"time":"2025-02-14T00:03:57.0517234+04:00","level":"ERROR","msg":"Cant add friend to user","Operation":"server:ListAndServe","ChatId":7381188337,"Error":"number of field descriptions must equal number of destinations, got 1 and 0"}
{"time":"2025-02-14T00:07:23.4435423+04:00","level":"DEBUG","msg":"Start initing","Operation":"Main:main"}
{"time":"2025-02-14T00:07:23.4467376+04:00","level":"DEBUG","msg":"Connecting to database","Operation":"Main:main"}
{"time":"2025-02-14T00:07:24.1104863+04:00","level":"INFO","msg":"Bot started!!!","Operation":"server:ListAndServe"}
{"time":"2025-02-14T00:11:45.8516004+04:00","level":"DEBUG","msg":"Start initing","Operation":"Main:main"}
{"time":"2025-02-14T00:11:45.8542379+04:00","level":"DEBUG","msg":"Connecting to database","Operation":"Main:main"}
{"time":"2025-02-14T00:11:46.1682323+04:00","level":"INFO","msg":"Bot started!!!","Operation":"server:ListAndServe"}
{"time":"2025-02-14T00:12:09.0986858+04:00","level":"ERROR","msg":"Cant add friend to user","Operation":"server:ListAndServe","ChatId":7381188337,"Error":"ERROR: there is no unique or exclusion constraint matching the ON CONFLICT specification (SQLSTATE 42P10)"}
{"time":"2025-02-14T00:13:40.9544092+04:00","level":"ERROR","msg":"Cant add friend to user","Operation":"server:ListAndServe","ChatId":7381188337,"Error":"ERROR: there is no unique or exclusion constraint matching the ON CONFLICT specification (SQLSTATE 42P10)"}
{"time":"2025-02-14T00:14:54.4294253+04:00","level":"ERROR","msg":"Cant add friend to user","Operation":"server:ListAndServe","ChatId":1101126233,"Error":"ERROR: there is no unique or exclusion constraint matching the ON CONFLICT specification (SQLSTATE 42P10)"}
{"time":"2025-02-14T00:15:12.8926338+04:00","level":"ERROR","msg":"Cant add friend to user","Operation":"server:ListAndServe","ChatId":1101126233,"Error":"ERROR: there is no unique or exclusion constraint matching the ON CONFLICT specification (SQLSTATE 42P10)"}
{"time":"2025-02-14T00:15:34.9788567+04:00","level":"DEBUG","msg":"Start initing","Operation":"Main:main"}
{"time":"2025-02-14T00:15:34.982059+04:00","level":"DEBUG","msg":"Connecting to database","Operation":"Main:main"}
{"time":"2025-02-14T00:15:35.2260976+04:00","level":"INFO","msg":"Bot started!!!","Operation":"server:ListAndServe"}
{"time":"2025-02-14T00:42:28.0386511+04:00","level":"DEBUG","msg":"Start initing","Operation":"Main:main"}
{"time":"2025-02-14T00:42:28.0412488+04:00","level":"DEBUG","msg":"Connecting to database","Operation":"Main:main"}
{"time":"2025-02-14T00:42:28.2936818+04:00","level":"INFO","msg":"Bot started!!!","Operation":"server:ListAndServe"}
{"time":"2025-02-14T00:42:59.8881159+04:00","level":"INFO","msg":"Take signal to shutdown"}
{"time":"2025-02-14T00:42:59.8881159+04:00","level":"INFO","msg":"Shuting down"}
{"time":"2025-02-14T00:42:59.8881159+04:00","level":"INFO","msg":"Programm finished"}
{"time":"2025-02-14T00:45:23.5383299+04:00","level":"DEBUG","msg":"Start initing","Operation":"Main:main"}
{"time":"2025-02-14T00:45:23.5414633+04:00","level":"DEBUG","msg":"Connecting to database","Operation":"Main:main"}
{"time":"2025-02-14T00:45:23.7886513+04:00","level":"INFO","msg":"Bot started!!!","Operation":"server:ListAndServe"}
{"time":"2025-02-14T00:45:33.6164009+04:00","level":"INFO","msg":"Take signal to shutdown"}
{"time":"2025-02-14T00:45:33.6187242+04:00","level":"INFO","msg":"Shuting down"}
{"time":"2025-02-14T00:45:33.6200985+04:00","level":"INFO","msg":"Programm finished"}
{"time":"2025-02-14T00:57:17.0086673+04:00","level":"DEBUG","msg":"Start initing","Operation":"Main:main"}
{"time":"2025-02-14T00:57:17.0128438+04:00","level":"DEBUG","msg":"Connecting to database","Operation":"Main:main"}
{"time":"2025-02-14T00:57:17.2889507+04:00","level":"INFO","msg":"Bot started!!!","Operation":"server:ListAndServe"}
{"time":"2025-02-14T01:02:22.7665989+04:00","level":"INFO","msg":"User Send YO!","ChatId":1588625301,"User tag":"skeptov7","User msg":"ДА ВСЕМ ПОХУЙ ДОЛБАЕБ ИДИ НАХУЙ"}
{"time":"2025-02-14T01:02:36.4090417+04:00","level":"INFO","msg":"User Send YO!","ChatId":1101126233,"User tag":"Lingy952","User msg":"СКЕПТОВ ИДИ НАХУЙ"}
{"time":"2025-02-14T01:03:29.8047842+04:00","level":"INFO","msg":"User Send YO!","ChatId":1101126233,"User tag":"Lingy952","User msg":"у скептова мать шлюха"}
{"time":"2025-02-14T01:06:25.2051707+04:00","level":"INFO","msg":"Take signal to shutdown"}
{"time":"2025-02-14T01:06:25.2059201+04:00","level":"DEBUG","msg":"Shuting down"}
{"time":"2025-02-14T01:06:25.2074388+04:00","level":"INFO","msg":"Programm finished"}
{"time":"2025-02-14T01:06:37.1904858+04:00","level":"DEBUG","msg":"Start initing","Operation":"Main:main"}
{"time":"2025-02-14T01:06:37.1958639+04:00","level":"DEBUG","msg":"Connecting to database","Operation":"Main:main"}
{"time":"2025-02-14T01:06:37.4547666+04:00","level":"INFO","msg":"Bot started!!!","Operation":"server:ListAndServe"}
{"time":"2025-02-14T01:07:18.9727283+04:00","level":"INFO","msg":"User Send YO!","ChatId":1588625301,"User tag":"skeptov7","User msg":"привет я сандалик я фашист"}
{"time":"2025-02-14T01:07:50.3208765+04:00","level":"INFO","msg":"User Send YO!","ChatId":1101126233,"User tag":"Lingy952","User msg":"привет сандалик , я Андрей Башкиров , ебанный пидорас"}
{"time":"2025-02-14T01:08:03.2646571+04:00","level":"INFO","msg":"User Send YO!","ChatId":1588625301,"User tag":"skeptov7","User msg":"ПЕЛОФИЛОВ СЫН ШЛЮХИ"}
{"time":"2025-02-14T01:31:40.4209678+04:00","level":"INFO","msg":"Take signal to shutdown"}
{"time":"2025-02-14T01:31:40.4209678+04:00","level":"DEBUG","msg":"Shuting down"}
{"time":"2025-02-14T01:31:40.4209678+04:00","level":"INFO","msg":"Programm finished"}
{"time":"2025-02-14T01:31:47.9226667+04:00","level":"DEBUG","msg":"Start initing","Operation":"Main:main"}
{"time":"2025-02-14T01:31:47.9263701+04:00","level":"DEBUG","msg":"Connecting to database","Operation":"Main:main"}
{"time":"2025-02-14T01:31:48.2132982+04:00","level":"INFO","msg":"Bot started!!!","Operation":"server:ListAndServe"}
{"time":"2025-02-14T01:32:02.6787196+04:00","level":"INFO","msg":"Send log to user","ChatId":7381188337}
{"time":"2025-02-14T01:34:39.8992831+04:00","level":"INFO","msg":"Take signal to shutdown"}
{"time":"2025-02-14T01:34:39.8999619+04:00","level":"DEBUG","msg":"Shuting down"}
{"time":"2025-02-14T01:34:39.8999619+04:00","level":"INFO","msg":"Programm finished"}
{"time":"2025-02-14T01:35:03.1308458+04:00","level":"DEBUG","msg":"Start initing","Operation":"Main:main"}
{"time":"2025-02-14T01:35:03.133992+04:00","level":"DEBUG","msg":"Connecting to database","Operation":"Main:main"}
{"time":"2025-02-14T01:35:03.4571022+04:00","level":"INFO","msg":"Bot started!!!","Operation":"server:ListAndServe"}
{"time":"2025-02-14T01:35:09.3311511+04:00","level":"INFO","msg":"Send log to user","ChatId":7381188337}
{"time":"2025-02-14T01:37:15.4345425+04:00","level":"INFO","msg":"User Send YO!","ChatId":745811158,"User tag":"miissuriii","User msg":"Картопля"}
{"time":"2025-02-14T01:37:15.4600786+04:00","level":"INFO","msg":"User Send YO!","ChatId":745811158,"User tag":"miissuriii","User msg":"Картопля"}
{"time":"2025-02-14T01:37:15.5407952+04:00","level":"INFO","msg":"User Send YO!","ChatId":745811158,"User tag":"miissuriii","User msg":"Картопля"}
{"time":"2025-02-14T01:37:15.7683009+04:00","level":"INFO","msg":"User Send YO!","ChatId":745811158,"User tag":"miissuriii","User msg":"Картопля"}
{"time":"2025-02-14T01:37:15.7695748+04:00","level":"INFO","msg":"User Send YO!","ChatId":745811158,"User tag":"miissuriii","User msg":"Картопля"}
{"time":"2025-02-14T01:37:15.9440912+04:00","level":"INFO","msg":"User Send YO!","ChatId":745811158,"User tag":"miissuriii","User msg":"Картопля"}
{"time":"2025-02-14T01:37:20.2583541+04:00","level":"INFO","msg":"User Send YO!","ChatId":745811158,"User tag":"miissuriii","User msg":"Картопля"}
{"time":"2025-02-14T01:37:20.5189993+04:00","level":"INFO","msg":"User Send YO!","ChatId":745811158,"User tag":"miissuriii","User msg":"Картопля"}
{"time":"2025-02-14T01:37:20.8777635+04:00","level":"INFO","msg":"User Send YO!","ChatId":745811158,"User tag":"miissuriii","User msg":"Картопля"}
{"time":"2025-02-14T01:37:20.8777635+04:00","level":"INFO","msg":"User Send YO!","ChatId":745811158,"User tag":"miissuriii","User msg":"Картопля"}
{"time":"2025-02-14T01:37:21.0422967+04:00","level":"INFO","msg":"User Send YO!","ChatId":745811158,"User tag":"miissuriii","User msg":"Картопля"}
{"time":"2025-02-14T01:37:21.1915718+04:00","level":"INFO","msg":"User Send YO!","ChatId":745811158,"User tag":"miissuriii","User msg":"Картопля"}
{"time":"2025-02-14T01:37:21.2163768+04:00","level":"INFO","msg":"User Send YO!","ChatId":745811158,"User tag":"miissuriii","User msg":"Картопля"}
{"time":"2025-02-14T01:37:21.3341174+04:00","level":"INFO","msg":"User Send YO!","ChatId":745811158,"User tag":"miissuriii","User msg":"Картопля"}
{"time":"2025-02-14T01:37:21.4763848+04:00","level":"INFO","msg":"User Send YO!","ChatId":745811158,"User tag":"miissuriii","User msg":"Картопля"}
{"time":"2025-02-14T01:37:21.7025189+04:00","level":"INFO","msg":"User Send YO!","ChatId":745811158,"User tag":"miissuriii","User msg":"Картопля"}
{"time":"2025-02-14T01:37:21.9470037+04:00","level":"INFO","msg":"User Send YO!","ChatId":745811158,"User tag":"miissuriii","User msg":"Картопля"}
{"time":"2025-02-14T01:37:21.9641825+04:00","level":"INFO","msg":"User Send YO!","ChatId":745811158,"User tag":"miissuriii","User msg":"Картопля"}
{"time":"2025-02-14T01:37:22.0711879+04:00","level":"INFO","msg":"User Send YO!","ChatId":745811158,"User tag":"miissuriii","User msg":"Картопля"}
{"time":"2025-02-14T01:37:22.6273821+04:00","level":"INFO","msg":"User Send YO!","ChatId":745811158,"User tag":"miissuriii","User msg":"Картопля"}
{"time":"2025-02-14T01:37:23.1792393+04:00","level":"INFO","msg":"User Send YO!","ChatId":745811158,"User tag":"miissuriii","User msg":"Картопля"}
{"time":"2025-02-14T01:37:23.2712296+04:00","level":"INFO","msg":"User Send YO!","ChatId":745811158,"User tag":"miissuriii","User msg":"Картопля"}
{"time":"2025-02-14T01:46:13.3393343+04:00","level":"INFO","msg":"Send log to user","ChatId":7381188337}
{"time":"2025-02-14T10:36:28.8122007+04:00","level":"INFO","msg":"User Send YO!","ChatId":1101126233,"User tag":"Lingy952","User msg":"хуй-ло"}
{"time":"2025-02-14T10:36:41.0388454+04:00","level":"INFO","msg":"User Send YO!","ChatId":1067314018,"User tag":"Stas_548","User msg":"хелоу"}
{"time":"2025-02-14T10:37:34.6223267+04:00","level":"INFO","msg":"User Send YO!","ChatId":1588625301,"User tag":"skeptov7","User msg":"ПЕЛОФИЛОВ СЫН ШЛЮХИ"}
{"time":"2025-02-14T10:37:34.7905192+04:00","level":"INFO","msg":"User Send YO!","ChatId":1588625301,"User tag":"skeptov7","User msg":"ПЕЛОФИЛОВ СЫН ШЛЮХИ"}
{"time":"2025-02-14T10:37:34.8506725+04:00","level":"INFO","msg":"User Send YO!","ChatId":1588625301,"User tag":"skeptov7","User msg":"ПЕЛОФИЛОВ СЫН ШЛЮХИ"}
{"time":"2025-02-14T10:37:34.983522+04:00","level":"INFO","msg":"User Send YO!","ChatId":1588625301,"User tag":"skeptov7","User msg":"ПЕЛОФИЛОВ СЫН ШЛЮХИ"}
{"time":"2025-02-14T10:37:34.983522+04:00","level":"INFO","msg":"User Send YO!","ChatId":1588625301,"User tag":"skeptov7","User msg":"ПЕЛОФИЛОВ СЫН ШЛЮХИ"}
{"time":"2025-02-14T10:37:34.9842396+04:00","level":"INFO","msg":"User Send YO!","ChatId":1588625301,"User tag":"skeptov7","User msg":"ПЕЛОФИЛОВ СЫН ШЛЮХИ"}
{"time":"2025-02-14T10:37:35.009456+04:00","level":"INFO","msg":"User Send YO!","ChatId":1588625301,"User tag":"skeptov7","User msg":"ПЕЛОФИЛОВ СЫН ШЛЮХИ"}
{"time":"2025-02-14T10:37:35.0345079+04:00","level":"INFO","msg":"User Send YO!","ChatId":1588625301,"User tag":"skeptov7","User msg":"ПЕЛОФИЛОВ СЫН ШЛЮХИ"}
{"time":"2025-02-14T10:37:35.0465404+04:00","level":"INFO","msg":"User Send YO!","ChatId":1588625301,"User tag":"skeptov7","User msg":"ПЕЛОФИЛОВ СЫН ШЛЮХИ"}
{"time":"2025-02-14T10:37:35.0647934+04:00","level":"INFO","msg":"User Send YO!","ChatId":1588625301,"User tag":"skeptov7","User msg":"ПЕЛОФИЛОВ СЫН ШЛЮХИ"}
{"time":"2025-02-14T10:37:35.1996517+04:00","level":"INFO","msg":"User Send YO!","ChatId":1588625301,"User tag":"skeptov7","User msg":"ПЕЛОФИЛОВ СЫН ШЛЮХИ"}
{"time":"2025-02-14T10:37:35.1996517+04:00","level":"INFO","msg":"User Send YO!","ChatId":1588625301,"User tag":"skeptov7","User msg":"ПЕЛОФИЛОВ СЫН ШЛЮХИ"}
{"time":"2025-02-14T10:37:35.2001579+04:00","level":"INFO","msg":"User Send YO!","ChatId":1588625301,"User tag":"skeptov7","User msg":"ПЕЛОФИЛОВ СЫН ШЛЮХИ"}
{"time":"2025-02-14T10:37:35.3279333+04:00","level":"INFO","msg":"User Send YO!","ChatId":1588625301,"User tag":"skeptov7","User msg":"ПЕЛОФИЛОВ СЫН ШЛЮХИ"}
{"time":"2025-02-14T10:37:35.3598303+04:00","level":"INFO","msg":"User Send YO!","ChatId":1588625301,"User tag":"skeptov7","User msg":"ПЕЛОФИЛОВ СЫН ШЛЮХИ"}
{"time":"2025-02-14T10:37:35.3847272+04:00","level":"INFO","msg":"User Send YO!","ChatId":1588625301,"User tag":"skeptov7","User msg":"ПЕЛОФИЛОВ СЫН ШЛЮХИ"}
{"time":"2025-02-14T10:37:35.4384854+04:00","level":"INFO","msg":"User Send YO!","ChatId":1588625301,"User tag":"skeptov7","User msg":"ПЕЛОФИЛОВ СЫН ШЛЮХИ"}
{"time":"2025-02-14T10:37:35.5047557+04:00","level":"INFO","msg":"User Send YO!","ChatId":1588625301,"User tag":"skeptov7","User msg":"ПЕЛОФИЛОВ СЫН ШЛЮХИ"}
{"time":"2025-02-14T10:37:35.6154461+04:00","level":"INFO","msg":"User Send YO!","ChatId":1588625301,"User tag":"skeptov7","User msg":"ПЕЛОФИЛОВ СЫН ШЛЮХИ"}
{"time":"2025-02-14T10:37:39.9556948+04:00","level":"INFO","msg":"User Send YO!","ChatId":1588625301,"User tag":"skeptov7","User msg":"ПЕЛОФИЛОВ СЫН ШЛЮХИ"}
{"time":"2025-02-14T10:37:39.976954+04:00","level":"INFO","msg":"User Send YO!","ChatId":1588625301,"User tag":"skeptov7","User msg":"ПЕЛОФИЛОВ СЫН ШЛЮХИ"}
{"time":"2025-02-14T10:37:40.1783159+04:00","level":"INFO","msg":"User Send YO!","ChatId":1588625301,"User tag":"skeptov7","User msg":"ПЕЛОФИЛОВ СЫН ШЛЮХИ"}
{"time":"2025-02-14T10:37:40.2045388+04:00","level":"INFO","msg":"User Send YO!","ChatId":1588625301,"User tag":"skeptov7","User msg":"ПЕЛОФИЛОВ СЫН ШЛЮХИ"}
{"time":"2025-02-14T10:37:40.2444402+04:00","level":"INFO","msg":"User Send YO!","ChatId":1588625301,"User tag":"skeptov7","User msg":"ПЕЛОФИЛОВ СЫН ШЛЮХИ"}
{"time":"2025-02-14T10:37:40.2677416+04:00","level":"INFO","msg":"User Send YO!","ChatId":1588625301,"User tag":"skeptov7","User msg":"ПЕЛОФИЛОВ СЫН ШЛЮХИ"}
{"time":"2025-02-14T10:37:40.2817843+04:00","level":"INFO","msg":"User Send YO!","ChatId":1588625301,"User tag":"skeptov7","User msg":"ПЕЛОФИЛОВ СЫН ШЛЮХИ"}
{"time":"2025-02-14T10:37:40.3010852+04:00","level":"INFO","msg":"User Send YO!","ChatId":1588625301,"User tag":"skeptov7","User msg":"ПЕЛОФИЛОВ СЫН ШЛЮХИ"}
{"time":"2025-02-14T10:37:40.3389847+04:00","level":"INFO","msg":"User Send YO!","ChatId":1588625301,"User tag":"skeptov7","User msg":"ПЕЛОФИЛОВ СЫН ШЛЮХИ"}
{"time":"2025-02-14T10:37:40.3617579+04:00","level":"INFO","msg":"User Send YO!","ChatId":1588625301,"User tag":"skeptov7","User msg":"ПЕЛОФИЛОВ СЫН ШЛЮХИ"}
{"time":"2025-02-14T10:37:40.3781015+04:00","level":"INFO","msg":"User Send YO!","ChatId":1588625301,"User tag":"skeptov7","User msg":"ПЕЛОФИЛОВ СЫН ШЛЮХИ"}
{"time":"2025-02-14T10:37:40.8523619+04:00","level":"INFO","msg":"User Send YO!","ChatId":1588625301,"User tag":"skeptov7","User msg":"ПЕЛОФИЛОВ СЫН ШЛЮХИ"}
{"time":"2025-02-14T10:37:40.8937017+04:00","level":"INFO","msg":"User Send YO!","ChatId":1588625301,"User tag":"skeptov7","User msg":"ПЕЛОФИЛОВ СЫН ШЛЮХИ"}
{"time":"2025-02-14T10:37:40.9081276+04:00","level":"INFO","msg":"User Send YO!","ChatId":1588625301,"User tag":"skeptov7","User msg":"ПЕЛОФИЛОВ СЫН ШЛЮХИ"}
{"time":"2025-02-14T10:37:44.9826582+04:00","level":"INFO","msg":"User Send YO!","ChatId":1588625301,"User tag":"skeptov7","User msg":"ПЕЛОФИЛОВ СЫН ШЛЮХИ"}
{"time":"2025-02-14T10:37:45.0099122+04:00","level":"INFO","msg":"User Send YO!","ChatId":1588625301,"User tag":"skeptov7","User msg":"ПЕЛОФИЛОВ СЫН ШЛЮХИ"}
{"time":"2025-02-14T10:37:45.026768+04:00","level":"INFO","msg":"User Send YO!","ChatId":1588625301,"User tag":"skeptov7","User msg":"ПЕЛОФИЛОВ СЫН ШЛЮХИ"}
{"time":"2025-02-14T10:37:45.1181382+04:00","level":"INFO","msg":"User Send YO!","ChatId":1588625301,"User tag":"skeptov7","User msg":"ПЕЛОФИЛОВ СЫН ШЛЮХИ"}
{"time":"2025-02-14T10:37:45.1705329+04:00","level":"INFO","msg":"User Send YO!","ChatId":1588625301,"User tag":"skeptov7","User msg":"ПЕЛОФИЛОВ СЫН ШЛЮХИ"}
{"time":"2025-02-14T10:37:45.1915669+04:00","level":"INFO","msg":"User Send YO!","ChatId":1588625301,"User tag":"skeptov7","User msg":"ПЕЛОФИЛОВ СЫН ШЛЮХИ"}
{"time":"2025-02-14T10:37:45.2685279+04:00","level":"INFO","msg":"User Send YO!","ChatId":1588625301,"User tag":"skeptov7","User msg":"ПЕЛОФИЛОВ СЫН ШЛЮХИ"}
{"time":"2025-02-14T10:37:45.2862269+04:00","level":"INFO","msg":"User Send YO!","ChatId":1588625301,"User tag":"skeptov7","User msg":"ПЕЛОФИЛОВ СЫН ШЛЮХИ"}
{"time":"2025-02-14T10:37:45.4963751+04:00","level":"INFO","msg":"User Send YO!","ChatId":1588625301,"User tag":"skeptov7","User msg":"ПЕЛОФИЛОВ СЫН ШЛЮХИ"}
{"time":"2025-02-14T10:37:45.6122765+04:00","level":"INFO","msg":"User Send YO!","ChatId":1588625301,"User tag":"skeptov7","User msg":"ПЕЛОФИЛОВ СЫН ШЛЮХИ"}
{"time":"2025-02-14T10:37:45.6122765+04:00","level":"INFO","msg":"User Send YO!","ChatId":1588625301,"User tag":"skeptov7","User msg":"ПЕЛОФИЛОВ СЫН ШЛЮХИ"}
{"time":"2025-02-14T10:37:45.6122765+04:00","level":"INFO","msg":"User Send YO!","ChatId":1588625301,"User tag":"skeptov7","User msg":"ПЕЛОФИЛОВ СЫН ШЛЮХИ"}
{"time":"2025-02-14T10:37:45.6122765+04:00","level":"INFO","msg":"User Send YO!","ChatId":1588625301,"User tag":"skeptov7","User msg":"ПЕЛОФИЛОВ СЫН ШЛЮХИ"}
{"time":"2025-02-14T10:37:45.6235118+04:00","level":"INFO","msg":"User Send YO!","ChatId":1588625301,"User tag":"skeptov7","User msg":"ПЕЛОФИЛОВ СЫН ШЛЮХИ"}
{"time":"2025-02-14T10:37:45.759026+04:00","level":"INFO","msg":"User Send YO!","ChatId":1588625301,"User tag":"skeptov7","User msg":"ПЕЛОФИЛОВ СЫН ШЛЮХИ"}
{"time":"2025-02-14T10:37:45.759026+04:00","level":"INFO","msg":"User Send YO!","ChatId":1588625301,"User tag":"skeptov7","User msg":"ПЕЛОФИЛОВ СЫН ШЛЮХИ"}
{"time":"2025-02-14T10:37:45.759026+04:00","level":"INFO","msg":"User Send YO!","ChatId":1588625301,"User tag":"skeptov7","User msg":"ПЕЛОФИЛОВ СЫН ШЛЮХИ"}
{"time":"2025-02-14T10:37:52.7733254+04:00","level":"INFO","msg":"User Send YO!","ChatId":1588625301,"User tag":"skeptov7","User msg":"ПЕЛОФИЛОВ СЫН ШЛЮХИ"}
{"time":"2025-02-14T10:37:52.8024182+04:00","level":"INFO","msg":"User Send YO!","ChatId":1588625301,"User tag":"skeptov7","User msg":"ПЕЛОФИЛОВ СЫН ШЛЮХИ"}
{"time":"2025-02-14T10:37:52.8202317+04:00","level":"INFO","msg":"User Send YO!","ChatId":1588625301,"User tag":"skeptov7","User msg":"ПЕЛОФИЛОВ СЫН ШЛЮХИ"}
{"time":"2025-02-14T10:37:52.8692871+04:00","level":"INFO","msg":"User Send YO!","ChatId":1588625301,"User tag":"skeptov7","User msg":"ПЕЛОФИЛОВ СЫН ШЛЮХИ"}
{"time":"2025-02-14T10:37:53.0270002+04:00","level":"INFO","msg":"User Send YO!","ChatId":1588625301,"User tag":"skeptov7","User msg":"ПЕЛОФИЛОВ СЫН ШЛЮХИ"}
{"time":"2025-02-14T10:37:53.0270002+04:00","level":"INFO","msg":"User Send YO!","ChatId":1588625301,"User tag":"skeptov7","User msg":"ПЕЛОФИЛОВ СЫН ШЛЮХИ"}
{"time":"2025-02-14T10:37:53.3512011+04:00","level":"INFO","msg":"User Send YO!","ChatId":1588625301,"User tag":"skeptov7","User msg":"ПЕЛОФИЛОВ СЫН ШЛЮХИ"}
{"time":"2025-02-14T10:37:53.3517155+04:00","level":"INFO","msg":"User Send YO!","ChatId":1588625301,"User tag":"skeptov7","User msg":"ПЕЛОФИЛОВ СЫН ШЛЮХИ"}
{"time":"2025-02-14T10:37:53.3517155+04:00","level":"INFO","msg":"User Send YO!","ChatId":1588625301,"User tag":"skeptov7","User msg":"ПЕЛОФИЛОВ СЫН ШЛЮХИ"}
{"time":"2025-02-14T10:39:30.0550517+04:00","level":"INFO","msg":"User Send YO!","ChatId":1101126233,"User tag":"Lingy952","User msg":"хуй-ло"}
{"time":"2025-02-14T10:39:43.0645219+04:00","level":"INFO","msg":"User Send YO!","ChatId":1588625301,"User tag":"skeptov7","User msg":"УДАЛИ БОТА УЕБИЩЕ"}
{"time":"2025-02-14T10:39:50.9544859+04:00","level":"INFO","msg":"User Send YO!","ChatId":1588625301,"User tag":"skeptov7","User msg":"УДАЛИ БОТА УЕБИЩЕ"}
{"time":"2025-02-14T10:39:51.0744815+04:00","level":"INFO","msg":"User Send YO!","ChatId":1588625301,"User tag":"skeptov7","User msg":"УДАЛИ БОТА УЕБИЩЕ"}
{"time":"2025-02-14T10:39:51.0928561+04:00","level":"INFO","msg":"User Send YO!","ChatId":1588625301,"User tag":"skeptov7","User msg":"УДАЛИ БОТА УЕБИЩЕ"}
{"time":"2025-02-14T10:39:51.1464496+04:00","level":"INFO","msg":"User Send YO!","ChatId":1588625301,"User tag":"skeptov7","User msg":"УДАЛИ БОТА УЕБИЩЕ"}
{"time":"2025-02-14T10:39:51.7485738+04:00","level":"INFO","msg":"User Send YO!","ChatId":1588625301,"User tag":"skeptov7","User msg":"УДАЛИ БОТА УЕБИЩЕ"}
{"time":"2025-02-14T10:39:51.7485738+04:00","level":"INFO","msg":"User Send YO!","ChatId":1588625301,"User tag":"skeptov7","User msg":"УДАЛИ БОТА УЕБИЩЕ"}
{"time":"2025-02-14T10:39:51.7485738+04:00","level":"INFO","msg":"User Send YO!","ChatId":1588625301,"User tag":"skeptov7","User msg":"УДАЛИ БОТА УЕБИЩЕ"}
{"time":"2025-02-14T10:40:02.9809768+04:00","level":"INFO","msg":"User Send YO!","ChatId":1101126233,"User tag":"Lingy952","User msg":"зааавтра"}
{"time":"2025-02-14T10:40:15.1684477+04:00","level":"INFO","msg":"User Send YO!","ChatId":1588625301,"User tag":"skeptov7","User msg":"у тебя мама девственница"}
{"time":"2025-02-14T10:40:15.7625685+04:00","level":"INFO","msg":"User Send YO!","ChatId":1588625301,"User tag":"skeptov7","User msg":"у тебя мама девственница"}
{"time":"2025-02-14T10:40:15.9059993+04:00","level":"INFO","msg":"User Send YO!","ChatId":1588625301,"User tag":"skeptov7","User msg":"у тебя мама девственница"}
{"time":"2025-02-14T10:40:16.7762018+04:00","level":"INFO","msg":"User Send YO!","ChatId":1067314018,"User tag":"Stas_548","User msg":"с днём расстрела Чикатило"}
{"time":"2025-02-14T10:40:23.4795849+04:00","level":"INFO","msg":"User Send YO!","ChatId":1101126233,"User tag":"Lingy952","User msg":"СКЕПТОВ ПИДР"}
{"time":"2025-02-14T10:40:34.6387803+04:00","level":"INFO","msg":"User Send YO!","ChatId":1101126233,"User tag":"Lingy952","User msg":"с днем растрела чикатило"}
{"time":"2025-02-14T10:40:48.6526302+04:00","level":"INFO","msg":"User Send YO!","ChatId":1588625301,"User tag":"skeptov7","User msg":"У ТЕБЯ ГАВНО ЖИДКОЕ"}
{"time":"2025-02-14T10:41:12.5270843+04:00","level":"INFO","msg":"Send log to user","ChatId":7381188337}
{"time":"2025-02-14T13:31:32.4056052+04:00","level":"INFO","msg":"User Send YO!","ChatId":7381188337,"User tag":"softach1","User msg":"педик"}
{"time":"2025-02-14T13:38:41.8430784+04:00","level":"INFO","msg":"Take signal to shutdown"}
{"time":"2025-02-14T13:42:10.7363744+04:00","level":"DEBUG","msg":"Start initing","Operation":"Main:main"}
{"time":"2025-02-14T13:42:10.7512017+04:00","level":"DEBUG","msg":"Connecting to database","Operation":"Main:main"}
{"time":"2025-02-14T13:42:10.7781528+04:00","level":"INFO","msg":"dataBase:NewDataBase:failed to connect to `host=localhost user=postgres database=postgres`: dial error (dial tcp 127.0.0.1:5432: connectex: No connection could be made because the target machine actively refused it.)"}
{"time":"2025-02-14T13:42:17.5451279+04:00","level":"DEBUG","msg":"Start initing","Operation":"Main:main"}
{"time":"2025-02-14T13:42:17.5482815+04:00","level":"DEBUG","msg":"Connecting to database","Operation":"Main:main"}
{"time":"2025-02-14T13:42:17.558649+04:00","level":"INFO","msg":"dataBase:NewDataBase:failed to connect to `host=localhost user=postgres database=postgres`: dial error (dial tcp 127.0.0.1:5432: connectex: No connection could be made because the target machine actively refused it.)"}
{"time":"2025-02-14T13:42:42.8149347+04:00","level":"DEBUG","msg":"Start initing","Operation":"Main:main"}
{"time":"2025-02-14T13:42:42.8216716+04:00","level":"DEBUG","msg":"Connecting to database","Operation":"Main:main"}
{"time":"2025-02-14T13:42:42.8377838+04:00","level":"INFO","msg":"dataBase:NewDataBase:failed to connect to `host=localhost user=postgres database=postgres`: dial error (dial tcp 127.0.0.1:5432: connectex: No connection could be made because the target machine actively refused it.)"}
{"time":"2025-02-14T13:42:44.5206953+04:00","level":"DEBUG","msg":"Start initing","Operation":"Main:main"}
{"time":"2025-02-14T13:42:44.5253741+04:00","level":"DEBUG","msg":"Connecting to database","Operation":"Main:main"}
{"time":"2025-02-14T13:42:44.5419764+04:00","level":"INFO","msg":"dataBase:NewDataBase:failed to connect to `host=localhost user=postgres database=postgres`: dial error (dial tcp 127.0.0.1:5432: connectex: No connection could be made because the target machine actively refused it.)"}
{"time":"2025-02-14T13:43:36.8750147+04:00","level":"DEBUG","msg":"Start initing","Operation":"Main:main"}
{"time":"2025-02-14T13:43:36.8786301+04:00","level":"DEBUG","msg":"Connecting to database","Operation":"Main:main"}
{"time":"2025-02-14T13:43:36.8916336+04:00","level":"INFO","msg":"dataBase:NewDataBase:failed to connect to `host=localhost user=postgres database=postgres`: dial error (dial tcp 127.0.0.1:5432: connectex: No connection could be made because the target machine actively refused it.)"}
{"time":"2025-02-14T13:43:41.9900353+04:00","level":"DEBUG","msg":"Start initing","Operation":"Main:main"}
{"time":"2025-02-14T13:43:41.9942244+04:00","level":"DEBUG","msg":"Connecting to database","Operation":"Main:main"}
{"time":"2025-02-14T13:43:42.0083136+04:00","level":"INFO","msg":"dataBase:NewDataBase:failed to connect to `host=localhost user=postgres database=postgres`: dial error (dial tcp 127.0.0.1:5432: connectex: No connection could be made because the target machine actively refused it.)"}
{"time":"2025-02-14T13:44:12.1317706+04:00","level":"DEBUG","msg":"Start initing","Operation":"Main:main"}
{"time":"2025-02-14T13:44:12.1343238+04:00","level":"DEBUG","msg":"Connecting to database","Operation":"Main:main"}
{"time":"2025-02-14T13:44:12.1452156+04:00","level":"INFO","msg":"dataBase:NewDataBase:failed to connect to `host=localhost user=postgres database=postgres`: dial error (dial tcp 127.0.0.1:5432: connectex: No connection could be made because the target machine actively refused it.)"}
{"time":"2025-02-14T13:45:13.5069522+04:00","level":"DEBUG","msg":"Start initing","Operation":"Main:main"}
{"time":"2025-02-14T13:45:13.511176+04:00","level":"DEBUG","msg":"Connecting to database","Operation":"Main:main"}
{"time":"2025-02-14T13:45:14.2797458+04:00","level":"INFO","msg":"Bot started!!!","Operation":"server:ListAndServe"}
{"time":"2025-02-14T14:31:53.8741273+04:00","level":"INFO","msg":"User Send YO!","ChatId":1101126233,"User tag":"Lingy952","User msg":"скептов пидр"}
{"time":"2025-02-14T14:48:17.0227636+04:00","level":"INFO","msg":"User Send YO!","ChatId":745811158,"User tag":"miissuriii","User msg":"Картопля"}
{"time":"2025-02-14T15:15:20.6816166+04:00","level":"INFO","msg":"User Send YO!","ChatId":1221759127,"User tag":"Taytelly","User msg":"Письки, сиськи, волосня"}
{"time":"2025-02-14T15:16:10.0852007+04:00","level":"INFO","msg":"User Send YO!","ChatId":1221759127,"User tag":"Taytelly","User msg":"Скептов босс художки"}
{"time":"2025-02-14T15:49:50.8849331+04:00","level":"INFO","msg":"User Send YO!","ChatId":1588625301,"User tag":"skeptov7","User msg":"максим почухай мои яйца"}
{"time":"2025-02-14T20:49:13.7579686+04:00","level":"INFO","msg":"Take signal to shutdown"}
{"time":"2025-02-14T20:49:13.7579686+04:00","level":"DEBUG","msg":"Shuting down"}
{"time":"2025-02-14T20:49:13.7579686+04:00","level":"INFO","msg":"Programm finished"}
{"time":"2025-02-14T20:49:26.7869273+04:00","level":"DEBUG","msg":"Start initing","Operation":"Main:main"}
{"time":"2025-02-14T20:49:26.7895191+04:00","level":"DEBUG","msg":"Connecting to database","Operation":"Main:main"}
{"time":"2025-02-14T20:49:27.1101168+04:00","level":"INFO","msg":"Bot started!!!","Operation":"server:ListAndServe"}
{"time":"2025-02-14T20:50:03.6054722+04:00","level":"INFO","msg":"Take signal to shutdown"}
{"time":"2025-02-14T20:50:03.6064503+04:00","level":"DEBUG","msg":"Shuting down"}
{"time":"2025-02-14T20:50:03.6069726+04:00","level":"INFO","msg":"Programm finished"}
{"time":"2025-02-14T20:50:05.2023958+04:00","level":"DEBUG","msg":"Start initing","Operation":"Main:main"}
{"time":"2025-02-14T20:50:05.2071443+04:00","level":"DEBUG","msg":"Connecting to database","Operation":"Main:main"}
{"time":"2025-02-14T20:50:05.5066592+04:00","level":"INFO","msg":"Bot started!!!","Operation":"server:ListAndServe"}
{"time":"2025-02-14T21:21:14.1137935+04:00","level":"DEBUG","msg":"Start initing","Operation":"Main:main"}
{"time":"2025-02-14T21:21:14.1183323+04:00","level":"DEBUG","msg":"Connecting to database","Operation":"Main:main"}
{"time":"2025-02-14T21:21:14.3515876+04:00","level":"INFO","msg":"Bot started!!!","Operation":"server:ListAndServe"}
{"time":"2025-02-14T21:21:26.5092162+04:00","level":"INFO","msg":"Take signal to shutdown"}
{"time":"2025-02-14T21:21:26.5097357+04:00","level":"DEBUG","msg":"Shuting down"}
{"time":"2025-02-14T21:21:26.5097357+04:00","level":"INFO","msg":"Programm finished"}
{"time":"2025-02-14T21:21:29.0190813+04:00","level":"INFO","msg":"Take signal to shutdown"}
{"time":"2025-02-14T21:21:29.0195996+04:00","level":"DEBUG","msg":"Shuting down"}
{"time":"2025-02-14T21:21:29.020182+04:00","level":"INFO","msg":"Programm finished"}
{"time":"2025-02-14T21:21:30.3292265+04:00","level":"DEBUG","msg":"Start initing","Operation":"Main:main"}
{"time":"2025-02-14T21:21:30.333373+04:00","level":"DEBUG","msg":"Connecting to database","Operation":"Main:main"}
{"time":"2025-02-14T21:21:30.573002+04:00","level":"INFO","msg":"Bot started!!!","Operation":"server:ListAndServe"}
{"time":"2025-02-14T21:22:00.4772881+04:00","level":"ERROR","msg":"Cant send logs to user","ChatId":7381188337}
{"time":"2025-02-14T21:22:00.695132+04:00","level":"INFO","msg":"Send log to user","ChatId":7381188337}
{"time":"2025-02-14T21:23:16.8411781+04:00","level":"INFO","msg":"Take signal to shutdown"}
{"time":"2025-02-14T21:23:16.8417321+04:00","level":"DEBUG","msg":"Shuting down"}
{"time":"2025-02-14T21:23:16.8417321+04:00","level":"INFO","msg":"Programm finished"}
{"time":"2025-02-14T21:23:30.4941027+04:00","level":"DEBUG","msg":"Start initing","Operation":"Main:main"}
{"time":"2025-02-14T21:23:30.4968586+04:00","level":"DEBUG","msg":"Connecting to database","Operation":"Main:main"}
{"time":"2025-02-14T21:23:30.7131006+04:00","level":"INFO","msg":"Bot started!!!","Operation":"server:ListAndServe"}
{"time":"2025-02-14T21:23:36.4534009+04:00","level":"ERROR","msg":"Cant send logs to user","ChatId":7381188337}
{"time":"2025-02-14T21:27:30.6665325+04:00","level":"INFO","msg":"Take signal to shutdown"}
{"time":"2025-02-14T21:27:30.6665325+04:00","level":"DEBUG","msg":"Shuting down"}
{"time":"2025-02-14T21:27:30.6665325+04:00","level":"INFO","msg":"Programm finished"}
{"time":"2025-02-14T21:27:34.9546309+04:00","level":"DEBUG","msg":"Start initing","Operation":"Main:main"}
{"time":"2025-02-14T21:27:34.9578781+04:00","level":"DEBUG","msg":"Connecting to database","Operation":"Main:main"}
{"time":"2025-02-14T21:27:35.1768617+04:00","level":"INFO","msg":"Bot started!!!","Operation":"server:ListAndServe"}
{"time":"2025-02-14T21:27:38.9253546+04:00","level":"INFO","msg":"Send log to user","ChatId":7381188337}
{"time":"2025-02-14T21:30:24.8105441+04:00","level":"INFO","msg":"Send log to user","ChatId":7381188337}
{"time":"2025-02-14T21:58:52.9520453+04:00","level":"INFO","msg":"Take signal to shutdown"}
{"time":"2025-02-14T21:58:52.9536326+04:00","level":"DEBUG","msg":"Shuting down"}
{"time":"2025-02-14T21:58:52.9545547+04:00","level":"INFO","msg":"Programm finished"}
{"time":"2025-02-14T21:59:03.2760357+04:00","level":"DEBUG","msg":"Start initing","Operation":"Main:main"}
{"time":"2025-02-14T21:59:03.2786282+04:00","level":"DEBUG","msg":"Connecting to database","Operation":"Main:main"}
{"time":"2025-02-14T21:59:03.5656026+04:00","level":"INFO","msg":"Bot started!!!","Operation":"Botserv:ListAndServe"}
{"time":"2025-02-14T21:59:16.3257335+04:00","level":"INFO","msg":"Send log to user","ChatId":7381188337}
{"time":"2025-02-14T22:05:00.4272613+04:00","level":"INFO","msg":"Take signal to shutdown"}
{"time":"2025-02-14T22:05:00.4278038+04:00","level":"DEBUG","msg":"Shuting down"}
{"time":"2025-02-14T22:05:00.4278038+04:00","level":"INFO","msg":"Programm finished"}
{"time":"2025-02-14T22:05:03.904617+04:00","level":"DEBUG","msg":"Start initing","Operation":"Main:main"}
{"time":"2025-02-14T22:05:03.9073071+04:00","level":"DEBUG","msg":"Connecting to database","Operation":"Main:main"}
{"time":"2025-02-14T22:05:05.1650677+04:00","level":"INFO","msg":"Bot started!!!","Operation":"Botserv:ListAndServe"}
{"time":"2025-02-14T22:05:15.8879327+04:00","level":"INFO","msg":"Send log to user","ChatId":7381188337}
{"time":"2025-02-14T22:15:12.8253828+04:00","level":"INFO","msg":"User Send YO!","ChatId":1101126233,"User tag":"Lingy952","User msg":"скептов пидр"}
{"time":"2025-02-14T22:15:21.4143232+04:00","level":"INFO","msg":"User Send YO!","ChatId":1221759127,"User tag":"Taytelly","User msg":"Скептов босс художки"}
{"time":"2025-02-14T22:25:30.4386225+04:00","level":"INFO","msg":"Send log to user","ChatId":7381188337}
{"time":"2025-02-15T00:45:37.2673824+04:00","level":"INFO","msg":"User Send YO!","ChatId":745811158,"User tag":"miissuriii","User msg":"Картопля"}
{"time":"2025-02-15T00:45:37.2939099+04:00","level":"INFO","msg":"User Send YO!","ChatId":745811158,"User tag":"miissuriii","User msg":"Картопля"}
{"time":"2025-02-15T00:45:37.4006208+04:00","level":"INFO","msg":"User Send YO!","ChatId":745811158,"User tag":"miissuriii","User msg":"Картопля"}
{"time":"2025-02-15T00:45:37.5867889+04:00","level":"INFO","msg":"User Send YO!","ChatId":745811158,"User tag":"miissuriii","User msg":"Картопля"}
{"time":"2025-02-15T00:45:37.9798281+04:00","level":"INFO","msg":"User Send YO!","ChatId":745811158,"User tag":"miissuriii","User msg":"Картопля"}
{"time":"2025-02-15T00:45:38.0554709+04:00","level":"INFO","msg":"User Send YO!","ChatId":745811158,"User tag":"miissuriii","User msg":"Картопля"}
{"time":"2025-02-15T01:00:33.0322964+04:00","level":"ERROR","msg":"Cant take state of user","Operation":"Botserv:ListAndServe","ChatId":1038518329,"Error":"no rows in result set"}
{"time":"2025-02-15T01:00:35.641747+04:00","level":"ERROR","msg":"Cant take state of user","Operation":"Botserv:ListAndServe","ChatId":1038518329,"Error":"no rows in result set"}
{"time":"2025-02-15T01:12:58.275752+04:00","level":"INFO","msg":"Take signal to shutdown"}
{"time":"2025-02-15T01:12:58.2766702+04:00","level":"DEBUG","msg":"Shuting down"}
{"time":"2025-02-15T01:12:58.2773364+04:00","level":"INFO","msg":"Programm finished"}
{"time":"2025-02-15T01:13:04.3122131+04:00","level":"DEBUG","msg":"Start initing","Operation":"Main:main"}
{"time":"2025-02-15T01:13:04.3153128+04:00","level":"DEBUG","msg":"Connecting to database","Operation":"Main:main"}
{"time":"2025-02-15T01:13:05.4720081+04:00","level":"INFO","msg":"Bot inited","Operation":"Botserv:NewBotServ"}
{"time":"2025-02-15T01:13:05.4725726+04:00","level":"INFO","msg":"Bot started!!!","Operation":"Botserv:ListAndServe"}
{"time":"2025-02-15T01:13:27.5577919+04:00","level":"INFO","msg":"New User!","ChatId":1038518329,"Username":"dashtir"}
{"time":"2025-02-15T01:14:17.0800194+04:00","level":"INFO","msg":"User Send YO!","ChatId":1038518329,"User tag":"dashtir","User msg":"хуй"}
{"time":"2025-02-15T01:14:45.2666017+04:00","level":"INFO","msg":"User Send YO!","ChatId":7381188337,"User tag":"softach1","User msg":"педик"}
{"time":"2025-02-15T01:20:36.0112417+04:00","level":"INFO","msg":"Take signal to shutdown"}
{"time":"2025-02-15T01:20:36.0118424+04:00","level":"DEBUG","msg":"Shuting down"}
{"time":"2025-02-15T01:20:36.0118424+04:00","level":"INFO","msg":"Programm finished"}
{"time":"2025-02-15T01:20:39.8796461+04:00","level":"DEBUG","msg":"Start initing","Operation":"Main:main"}
{"time":"2025-02-15T01:20:39.8827328+04:00","level":"DEBUG","msg":"Connecting to database","Operation":"Main:main"}
{"time":"2025-02-15T01:20:40.1610789+04:00","level":"INFO","msg":"Bot inited","Operation":"Botserv:NewBotServ"}
{"time":"2025-02-15T01:20:40.1825392+04:00","level":"INFO","msg":"Bot started!!!","Operation":"Botserv:ListAndServe"}
{"time":"2025-02-15T01:35:38.990693+04:00","level":"INFO","msg":"Take signal to shutdown"}
{"time":"2025-02-15T01:35:38.9917216+04:00","level":"DEBUG","msg":"Shuting down"}
{"time":"2025-02-15T01:35:38.992237+04:00","level":"INFO","msg":"Programm finished"}
{"time":"2025-02-15T01:35:42.5925892+04:00","level":"DEBUG","msg":"Start initing","Operation":"Main:main"}
{"time":"2025-02-15T01:35:42.5951991+04:00","level":"DEBUG","msg":"Connecting to database","Operation":"Main:main"}
{"time":"2025-02-15T01:35:42.82446+04:00","level":"INFO","msg":"Bot inited","Operation":"Botserv:NewBotServ"}
{"time":"2025-02-15T01:35:42.8256888+04:00","level":"INFO","msg":"Bot started!!!","Operation":"Botserv:ListAndServe"}
{"time":"2025-02-15T01:36:59.480213+04:00","level":"ERROR","msg":"Cant del friend to user","Operation":"server:ListenAndServe","ChatId":7381188337,"Error":"no rows in result set"}
{"time":"2025-02-15T01:39:01.539716+04:00","level":"INFO","msg":"Send log to user","ChatId":7381188337}
{"time":"2025-02-15T01:53:02.7317891+04:00","level":"INFO","msg":"Take signal to shutdown"}
{"time":"2025-02-15T01:53:02.7317891+04:00","level":"DEBUG","msg":"Shuting down"}
{"time":"2025-02-15T01:53:02.7317891+04:00","level":"INFO","msg":"Programm finished"}
{"time":"2025-02-15T01:53:06.3580737+04:00","level":"DEBUG","msg":"Start initing","Operation":"Main:main"}
{"time":"2025-02-15T01:53:06.36116+04:00","level":"DEBUG","msg":"Connecting to database","Operation":"Main:main"}
{"time":"2025-02-15T01:53:06.5813473+04:00","level":"INFO","msg":"Bot inited","Operation":"Botserv:NewBotServ"}
{"time":"2025-02-15T01:53:06.5819761+04:00","level":"INFO","msg":"Bot started!!!","Operation":"Botserv:ListAndServe"}
{"time":"2025-02-15T02:10:51.0113419+04:00","level":"INFO","msg":"Take signal to shutdown"}
{"time":"2025-02-15T02:10:51.0124556+04:00","level":"DEBUG","msg":"Shuting down"}
{"time":"2025-02-15T02:10:51.0130708+04:00","level":"INFO","msg":"Programm finished"}
{"time":"2025-02-15T02:10:51.6016449+04:00","level":"DEBUG","msg":"Start initing","Operation":"Main:main"}
{"time":"2025-02-15T02:10:51.604752+04:00","level":"DEBUG","msg":"Connecting to database","Operation":"Main:main"}
{"time":"2025-02-15T02:10:51.8244169+04:00","level":"INFO","msg":"Bot inited","Operation":"Botserv:NewBotServ"}
{"time":"2025-02-15T02:10:51.8249383+04:00","level":"INFO","msg":"Bot started!!!","Operation":"Botserv:ListAndServe"}
{"time":"2025-02-15T02:11:11.6522788+04:00","level":"INFO","msg":"User Send YO!","ChatId":7381188337,"User tag":"softach1","User msg":"педик"}
{"time":"2025-02-15T02:15:24.0714213+04:00","level":"INFO","msg":"Take signal to shutdown"}
{"time":"2025-02-15T02:15:24.0719299+04:00","level":"DEBUG","msg":"Shuting down"}
{"time":"2025-02-15T02:15:24.0719299+04:00","level":"INFO","msg":"Programm finished"}
{"time":"2025-02-15T02:15:35.3134628+04:00","level":"DEBUG","msg":"Start initing","Operation":"Main:main"}
{"time":"2025-02-15T02:15:35.3190602+04:00","level":"DEBUG","msg":"Connecting to database","Operation":"Main:main"}
{"time":"2025-02-15T02:15:35.6079886+04:00","level":"INFO","msg":"Bot inited","Operation":"Botserv:NewBotServ"}
{"time":"2025-02-15T02:15:35.60918+04:00","level":"INFO","msg":"Bot started!!!","Operation":"Botserv:ListAndServe"}
{"time":"2025-02-15T02:39:32.8723619+04:00","level":"INFO","msg":"Send log to user","ChatId":7381188337}
{"time":"2025-02-15T10:28:34.9006373+04:00","level":"INFO","msg":"User Send YO!","ChatId":1101126233,"User tag":"Lingy952","User msg":"не ебет"}
{"time":"2025-02-15T10:28:47.8990235+04:00","level":"INFO","msg":"User Send YO!","ChatId":1067314018,"User tag":"Stas_548","User msg":"с днём расстрела Чикатило"}
{"time":"2025-02-15T10:29:50.5452632+04:00","level":"INFO","msg":"User Send YO!","ChatId":1221759127,"User tag":"Taytelly","User msg":"Скептов босс художки"}
{"time":"2025-02-15T11:28:18.0848533+04:00","level":"INFO","msg":"Send log to user","ChatId":7381188337}
{"time":"2025-02-15T13:17:46.2005483+04:00","level":"INFO","msg":"User Send YO!","ChatId":1101126233,"User tag":"Lingy952","User msg":"не ебет"}
{"time":"2025-02-15T13:23:11.6543757+04:00","level":"INFO","msg":"User Send YO!","ChatId":7381188337,"User tag":"softach1","User msg":"педик"}
{"time":"2025-02-15T14:23:14.1566194+04:00","level":"INFO","msg":"User Send YO!","ChatId":1101126233,"User tag":"Lingy952","User msg":"не ебет"}
{"time":"2025-02-15T14:24:55.428028+04:00","level":"INFO","msg":"User Send YO!","ChatId":1067314018,"User tag":"Stas_548","User msg":"ебет"}
{"time":"2025-02-15T14:31:36.4902127+04:00","level":"INFO","msg":"User Send YO!","ChatId":1101126233,"User tag":"Lingy952","User msg":"не ебет"}
{"time":"2025-02-15T14:32:19.6780783+04:00","level":"INFO","msg":"User Send YO!","ChatId":1067314018,"User tag":"Stas_548","User msg":"ебет"}
{"time":"2025-02-15T18:15:26.8481166+04:00","level":"INFO","msg":"User Send YO!","ChatId":1101126233,"User tag":"Lingy952","User msg":"не ебет"}
{"time":"2025-02-15T18:15:35.1539376+04:00","level":"INFO","msg":"User Send YO!","ChatId":7381188337,"User tag":"softach1","User msg":"педик"}
{"time":"2025-02-15T21:37:04.99203+04:00","level":"INFO","msg":"Take signal to shutdown"}
{"time":"2025-02-15T21:37:04.99203+04:00","level":"DEBUG","msg":"Shuting down"}
{"time":"2025-02-15T21:37:04.9925426+04:00","level":"INFO","msg":"Programm finished"}
{"time":"2025-02-15T21:37:30.0790651+04:00","level":"DEBUG","msg":"Start initing","Operation":"Main:main"}
{"time":"2025-02-15T21:37:30.0823722+04:00","level":"DEBUG","msg":"Connecting to database","Operation":"Main:main"}
{"time":"2025-02-15T21:37:30.3339946+04:00","level":"INFO","msg":"Bot inited","Operation":"Botserv:NewBotServ"}
{"time":"2025-02-15T21:37:30.3348241+04:00","level":"INFO","msg":"Bot started!!!","Operation":"Botserv:ListAndServe"}
{"time":"2025-02-15T23:00:37.7113283+04:00","level":"INFO","msg":"User Send YO!","ChatId":7381188337,"User tag":"softach1","User msg":"педик"}
{"time":"2025-02-15T23:29:20.3782159+04:00","level":"INFO","msg":"User Send YO!","ChatId":7381188337,"User tag":"softach1","User msg":"педик"}
{"time":"2025-02-16T00:31:49.8642284+04:00","level":"INFO","msg":"User Send YO!","ChatId":745811158,"User tag":"miissuriii","User msg":"Картопля"}
{"time":"2025-02-16T00:31:50.1291479+04:00","level":"INFO","msg":"User Send YO!","ChatId":745811158,"User tag":"miissuriii","User msg":"Картопля"}
{"time":"2025-02-16T00:31:50.2204258+04:00","level":"INFO","msg":"User Send YO!","ChatId":745811158,"User tag":"miissuriii","User msg":"Картопля"}
{"time":"2025-02-16T00:31:50.7687911+04:00","level":"INFO","msg":"User Send YO!","ChatId":745811158,"User tag":"miissuriii","User msg":"Картопля"}
{"time":"2025-02-16T00:31:50.8128532+04:00","level":"INFO","msg":"User Send YO!","ChatId":745811158,"User tag":"miissuriii","User msg":"Картопля"}
{"time":"2025-02-16T00:31:50.8561889+04:00","level":"INFO","msg":"User Send YO!","ChatId":745811158,"User tag":"miissuriii","User msg":"Картопля"}
{"time":"2025-02-16T00:31:50.8885096+04:00","level":"INFO","msg":"User Send YO!","ChatId":745811158,"User tag":"miissuriii","User msg":"Картопля"}
{"time":"2025-02-16T00:31:51.0370971+04:00","level":"INFO","msg":"User Send YO!","ChatId":745811158,"User tag":"miissuriii","User msg":"Картопля"}
{"time":"2025-02-16T00:31:51.3638854+04:00","level":"INFO","msg":"User Send YO!","ChatId":745811158,"User tag":"miissuriii","User msg":"Картопля"}
{"time":"2025-02-16T00:31:51.498366+04:00","level":"INFO","msg":"User Send YO!","ChatId":745811158,"User tag":"miissuriii","User msg":"Картопля"}
{"time":"2025-02-16T00:31:51.6926079+04:00","level":"INFO","msg":"User Send YO!","ChatId":745811158,"User tag":"miissuriii","User msg":"Картопля"}
{"time":"2025-02-16T00:31:51.6926079+04:00","level":"INFO","msg":"User Send YO!","ChatId":745811158,"User tag":"miissuriii","User msg":"Картопля"}
{"time":"2025-02-16T00:31:51.956773+04:00","level":"INFO","msg":"User Send YO!","ChatId":745811158,"User tag":"miissuriii","User msg":"Картопля"}
{"time":"2025-02-16T00:31:52.0752881+04:00","level":"INFO","msg":"User Send YO!","ChatId":745811158,"User tag":"miissuriii","User msg":"Картопля"}
{"time":"2025-02-16T00:31:52.2159217+04:00","level":"INFO","msg":"User Send YO!","ChatId":745811158,"User tag":"miissuriii","User msg":"Картопля"}
{"time":"2025-02-16T00:31:52.4436329+04:00","level":"INFO","msg":"User Send YO!","ChatId":745811158,"User tag":"miissuriii","User msg":"Картопля"}
{"time":"2025-02-16T00:31:52.5070485+04:00","level":"INFO","msg":"User Send YO!","ChatId":745811158,"User tag":"miissuriii","User msg":"Картопля"}
{"time":"2025-02-16T00:31:52.8034739+04:00","level":"INFO","msg":"User Send YO!","ChatId":745811158,"User tag":"miissuriii","User msg":"Картопля"}
{"time":"2025-02-16T00:31:52.8997978+04:00","level":"INFO","msg":"User Send YO!","ChatId":745811158,"User tag":"miissuriii","User msg":"Картопля"}
{"time":"2025-02-16T00:31:53.077063+04:00","level":"INFO","msg":"User Send YO!","ChatId":745811158,"User tag":"miissuriii","User msg":"Картопля"}
{"time":"2025-02-16T00:31:53.1815102+04:00","level":"INFO","msg":"User Send YO!","ChatId":745811158,"User tag":"miissuriii","User msg":"Картопля"}
{"time":"2025-02-16T00:31:53.5345456+04:00","level":"INFO","msg":"User Send YO!","ChatId":745811158,"User tag":"miissuriii","User msg":"Картопля"}
{"time":"2025-02-16T00:31:53.7004932+04:00","level":"INFO","msg":"User Send YO!","ChatId":745811158,"User tag":"miissuriii","User msg":"Картопля"}
{"time":"2025-02-16T00:31:53.8870011+04:00","level":"INFO","msg":"User Send YO!","ChatId":745811158,"User tag":"miissuriii","User msg":"Картопля"}
{"time":"2025-02-16T00:31:54.1553804+04:00","level":"INFO","msg":"User Send YO!","ChatId":745811158,"User tag":"miissuriii","User msg":"Картопля"}
{"time":"2025-02-16T00:31:54.2265969+04:00","level":"INFO","msg":"User Send YO!","ChatId":745811158,"User tag":"miissuriii","User msg":"Картопля"}
{"time":"2025-02-16T00:31:57.6114391+04:00","level":"INFO","msg":"User Send YO!","ChatId":745811158,"User tag":"miissuriii","User msg":"Картопля"}
{"time":"2025-02-16T00:31:57.7848415+04:00","level":"INFO","msg":"User Send YO!","ChatId":745811158,"User tag":"miissuriii","User msg":"Картопля"}
{"time":"2025-02-16T00:31:57.8128433+04:00","level":"INFO","msg":"User Send YO!","ChatId":745811158,"User tag":"miissuriii","User msg":"Картопля"}
{"time":"2025-02-16T00:31:57.8273985+04:00","level":"INFO","msg":"User Send YO!","ChatId":745811158,"User tag":"miissuriii","User msg":"Картопля"}
{"time":"2025-02-16T00:31:57.849767+04:00","level":"INFO","msg":"User Send YO!","ChatId":745811158,"User tag":"miissuriii","User msg":"Картопля"}
{"time":"2025-02-16T00:31:57.8871871+04:00","level":"INFO","msg":"User Send YO!","ChatId":745811158,"User tag":"miissuriii","User msg":"Картопля"}
{"time":"2025-02-16T00:31:57.9105197+04:00","level":"INFO","msg":"User Send YO!","ChatId":745811158,"User tag":"miissuriii","User msg":"Картопля"}
{"time":"2025-02-16T03:21:30.1559814+04:00","level":"INFO","msg":"Take signal to shutdown"}
{"time":"2025-02-16T03:21:30.1704752+04:00","level":"DEBUG","msg":"Shuting down"}
{"time":"2025-02-16T03:21:30.1704752+04:00","level":"INFO","msg":"Programm finished"}
{"time":"2025-02-16T03:23:03.7062009+04:00","level":"DEBUG","msg":"Start initing","Operation":"Main:main"}
{"time":"2025-02-16T03:23:03.710886+04:00","level":"DEBUG","msg":"Connecting to database","Operation":"Main:main"}
{"time":"2025-02-16T03:23:03.9689978+04:00","level":"INFO","msg":"Bot inited","Operation":"Botserv:NewBotServ"}
{"time":"2025-02-16T03:23:03.9695448+04:00","level":"INFO","msg":"Bot started!!!","Operation":"Botserv:ListAndServe"}
{"time":"2025-02-16T12:42:31.5309674+04:00","level":"INFO","msg":"Take signal to shutdown"}
{"time":"2025-02-16T12:42:45.4803175+04:00","level":"DEBUG","msg":"Start initing","Operation":"Main:main"}
{"time":"2025-02-16T12:42:45.484984+04:00","level":"DEBUG","msg":"Connecting to database","Operation":"Main:main"}
{"time":"2025-02-16T12:42:45.7618192+04:00","level":"INFO","msg":"Bot inited","Operation":"Botserv:NewBotServ"}
{"time":"2025-02-16T12:42:45.7624363+04:00","level":"INFO","msg":"Bot started!!!","Operation":"Botserv:ListAndServe"}
{"time":"2025-02-16T13:46:29.131522+04:00","level":"INFO","msg":"User Send YO!","ChatId":1101126233,"User tag":"Lingy952","User msg":"не ебет"}
{"time":"2025-02-16T13:46:34.8123092+04:00","level":"INFO","msg":"User Send YO!","ChatId":1588625301,"User tag":"skeptov7","User msg":"максим почухай мои яйца"}
{"time":"2025-02-16T13:46:35.1825315+04:00","level":"INFO","msg":"User Send YO!","ChatId":1588625301,"User tag":"skeptov7","User msg":"максим почухай мои яйца"}
{"time":"2025-02-16T13:46:35.2463477+04:00","level":"INFO","msg":"User Send YO!","ChatId":1588625301,"User tag":"skeptov7","User msg":"максим почухай мои яйца"}
{"time":"2025-02-16T14:01:41.6489769+04:00","level":"INFO","msg":"User Send YO!","ChatId":1221759127,"User tag":"Taytelly","User msg":"Скептов босс художки"}
{"time":"2025-02-16T14:01:42.4570361+04:00","level":"INFO","msg":"User Send YO!","ChatId":1221759127,"User tag":"Taytelly","User msg":"Скептов босс художки"}
{"time":"2025-02-16T14:01:44.2058166+04:00","level":"INFO","msg":"User Send YO!","ChatId":1221759127,"User tag":"Taytelly","User msg":"Скептов босс художки"}
{"time":"2025-02-16T14:01:45.2493961+04:00","level":"INFO","msg":"User Send YO!","ChatId":1221759127,"User tag":"Taytelly","User msg":"Скептов босс художки"}
{"time":"2025-02-16T14:17:42.7520217+04:00","level":"INFO","msg":"User Send YO!","ChatId":1067314018,"User tag":"Stas_548","User msg":"ебет"}
{"time":"2025-02-16T17:22:06.8627879+04:00","level":"INFO","msg":"Take signal to shutdown"}
{"time":"2025-02-16T17:22:06.8627879+04:00","level":"DEBUG","msg":"Shuting down"}
{"time":"2025-02-16T17:22:06.8627879+04:00","level":"INFO","msg":"Programm finished"}
{"time":"2025-02-16T17:23:14.1116743+04:00","level":"DEBUG","msg":"Start initing","Operation":"Main:main"}
{"time":"2025-02-16T17:23:14.1163862+04:00","level":"DEBUG","msg":"Connecting to database","Operation":"Main:main"}
{"time":"2025-02-16T17:23:14.3624408+04:00","level":"INFO","msg":"Bot inited","Operation":"Botserv:NewBotServ"}
{"time":"2025-02-16T17:23:14.3642187+04:00","level":"INFO","msg":"Bot started!!!","Operation":"Botserv:ListAndServe"}
{"time":"2025-02-16T17:23:18.6422613+04:00","level":"INFO","msg":"Send log to user","ChatId":7381188337}
{"time":"2025-02-16T17:27:41.2219305+04:00","level":"INFO","msg":"Take signal to shutdown"}
{"time":"2025-02-16T17:27:41.2219305+04:00","level":"DEBUG","msg":"Shuting down"}
{"time":"2025-02-16T17:27:41.2219305+04:00","level":"INFO","msg":"Programm finished"}
{"time":"2025-02-16T18:04:35.5750453+04:00","level":"DEBUG","msg":"Start initing","Operation":"Main:main"}
{"time":"2025-02-16T18:04:35.5787379+04:00","level":"DEBUG","msg":"Connecting to database","Operation":"Main:main"}
{"time":"2025-02-16T18:04:35.8307064+04:00","level":"INFO","msg":"Bot inited","Operation":"Botserv:NewBotServ"}
{"time":"2025-02-16T18:04:35.8318571+04:00","level":"INFO","msg":"Bot started!!!","Operation":"Botserv:ListAndServe"}
{"time":"2025-02-16T18:04:40.9428809+04:00","level":"INFO","msg":"User Send YO!","ChatId":7381188337,"User tag":"softach1","User msg":"педик"}
{"time":"2025-02-16T18:04:46.1052038+04:00","level":"INFO","msg":"Send log to user","ChatId":7381188337}
{"time":"2025-02-16T18:05:10.4388417+04:00","level":"ERROR","msg":"Cant add friend to user","Operation":"server:ListenAndServe","ChatId":7381188337,"Error":"no rows in result set"}
{"time":"2025-02-16T18:05:34.1389012+04:00","level":"INFO","msg":"Take signal to shutdown"}
{"time":"2025-02-16T18:05:34.1389012+04:00","level":"DEBUG","msg":"Shuting down"}
{"time":"2025-02-16T18:05:34.1389012+04:00","level":"INFO","msg":"Programm finished"}
